127076478
123644873
21809919
14234811
78332659
168704103
28741123
17874010
108633039
70797977
137005975
115099015
83752052
90902701
94677327
172421476
25726975
143136409
107403939
91835965
137519734
102273400
72818569
145858621
127112423
184188638
142728033
58749421
18655196
172750130
112263153
47229322
109884478
135776082
154690953
115011988
106493894
19814093
77033615
199710050
21726640
106683371
132289582
286784980
14567295
26384171
39219945
92100543
300035177
66318049
93894786
111131292
88975280
60570720
126698063
65253626
63432275
167716711
49282209
13884790
69508201
215218953
34514437
37139029
70644645
52944829
128376957
130655856
150222941
88876735
36113308
45265997
131028828
138062183
38736761
53685622
40920113
29607638
146009103
125146499
75544319
30270631
46447863
20144097
198613441
24763055
49133488
103991630
130870866
77389374
161000102
83804050
34502250
138653805
61791013
73913555
50007618
59305174
115319914
55430139
174863583
244947491
40361361
15852226
178772550
161599675
27208384
28228245
100320552
119955475
349060575
160665428
105954822
50559286
354294847
239283029
28399292
542163316
223540217
88486958
112223930
332251735
105863677
131327803
234687552
374151976
215040730
127233211
37792425
199051918
115819881
67103654
252475491
127741741
128119222
77855071
191038172
29093125
104582125
244088770
37236992
98158073
221084308
131005899
34451565
118430607
65346957
323551121
296524349
103023895
101012812
183716200
421997725
61547925
124568263
115208775
78133818
151653037
45432258
39713057
188537254
130831333
76813464
24945439
77889831
31725121
114649573
199436850
108601602
93947675
39282185
89202528
264771284
253306064
118722474
87146682
60199190
120382268
195307848
165750245
124819794
41001781
39535648
32012962
117489250
59318690
46684392
98185254
275886533
85551264
314762290
288150441
29954751
291499237
80863655
130729875
43479795
58125758
221329592
120664432
83321585
81199345
21583949
13814866
68774941
127414087
27459905
16971995
117526778
121663322
157252497
121455523
77931666
52291159
100349454
126401067
19472110
187410278
98277807
101070626
95355885
111667344
82457048
67334785
150451531
124848194
136136344
66912212
29163547
279228080
132938839
56985555
92817859
134890895
120155370
94084535
116242765
16838784
96718224
158959749
22581335
97853951
137749434
143948512
13164122
34421403
39068482
88487009
140789000
73199248
100894933
134462460
95181234
84391459
136915976
65958650
56038925
180163469
52793918
15946510
61277931
169895485
31109394
41256146
76177022
35768519
153529288
164784711
130830076
95137707
37266467
41938524
126456956
147086118
41500119
62082793
41461923
30834270
131326309
156500675
81219563
29463012
49167980
19222056
206204222
25644785
38239859
86787774
135618842
83414653
164363416
69544958
42218274
80177594
61920492
73687660
42279671
61549318
116583447
115374299
222183446
206451635
48285650
30246544
156603705
166786055
23073173
20493064
158663038
105354604
289080356
161863248
108758593
132756332
272571777
200885698
34443398
427686737
157351739
87056277
162312116
247066585
84569161
188795631
187443934
237744875
194297031
81729520
29337359
221917955
139203727
85329452
202720721
131552810
141558544
114393447
198834334
33373540
131405589
160733127
53280643
91014536
177781607
298746587
26313110
81797956
106383565
239416071
438542232
85907868
83709614
248222958
366968426
73210257
115862325
119096930
104527652
134019837
66933711
34148594
174412383
153648324
55406882
67528864
106197350
58801767
129383208
180099217
189639249
224663260
38428044
67142890
200425792
195325205
135445801
70376967
113671729
82983586
146912623
228694497
200997653
39757280
66450159
37232500
95088321
45297316
74441029
94747682
229980784
136181979
214633846
194394422
48433933
221976226
93088931
133755343
52059013
53541582
185898016
110708031
